<?xml version="1.0" encoding="UTF-8"?>
<!-- Generated by org.testng.reporters.JUnitReportReporter -->
<testsuite hostname="HomeSweetHome" failures="0" tests="3" name="rahulshettyacademy.tests.SubmitorderTest" time="19.713" errors="0" timestamp="2024-12-09T15:38:54 IST" skipped="0">
  <testcase classname="rahulshettyacademy.tests.SubmitorderTest" name="Submitorder" time="7.225"/>
  <testcase classname="rahulshettyacademy.tests.SubmitorderTest" name="OrderHistory" time="4.916"/>
  <testcase classname="rahulshettyacademy.tests.SubmitorderTest" name="Submitorder" time="7.572"/>
</testsuite> <!-- rahulshettyacademy.tests.SubmitorderTest -->
