<?xml version="1.0" encoding="UTF-8"?>
<!-- Generated by org.testng.reporters.JUnitReportReporter -->
<testsuite hostname="HomeSweetHome" failures="0" tests="1" name="rahulshettyacademy.tests.ErrorValidationsTest" time="5.047" errors="0" timestamp="2024-11-28T11:52:22 IST" skipped="0">
  <testcase classname="rahulshettyacademy.tests.ErrorValidationsTest" name="LoginErrorValidation" time="5.047"/>
</testsuite> <!-- rahulshettyacademy.tests.ErrorValidationsTest -->
