<?xml version="1.0" encoding="UTF-8"?>
<!-- Generated by org.testng.reporters.JUnitReportReporter -->
<testsuite hostname="HomeSweetHome" failures="0" tests="3" name="rahulshettyacademy.tests.SubmitorderTest" time="16.391" errors="0" timestamp="2024-11-28T11:52:22 IST" skipped="0">
  <testcase classname="rahulshettyacademy.tests.SubmitorderTest" name="Submitorder" time="5.462"/>
  <testcase classname="rahulshettyacademy.tests.SubmitorderTest" name="OrderHistory" time="4.987"/>
  <testcase classname="rahulshettyacademy.tests.SubmitorderTest" name="Submitorder" time="5.942"/>
</testsuite> <!-- rahulshettyacademy.tests.SubmitorderTest -->
